<?xml version="1.0" encoding="utf-8"?><testsuites name="pytest tests"><testsuite name="pytest" errors="0" failures="0" skipped="0" tests="11" time="1.064" timestamp="2025-09-02T10:57:31.118424+02:00" hostname="DESKTOP-D6VBH4U"><testcase classname="tests.test_article_fetcher" name="test_clean_text" time="0.081" /><testcase classname="tests.test_article_fetcher_playwright" name="test_placeholder" time="0.000" /><testcase classname="tests.test_article_ingestor" name="test_mapping_minimal" time="0.001" /><testcase classname="tests.test_gui_mainwindow" name="test_main_window_class_exists_and_is_qmainwindow" time="0.065" /><testcase classname="tests.test_gui_mainwindow" name="test_main_window_instantiation_show_and_close" time="0.789" /><testcase classname="tests.test_html_import_dialog" name="test_import_dialog_loads" time="0.001" /><testcase classname="tests.test_ingest_runner" name="test_last_json_line" time="0.000" /><testcase classname="tests.test_ingest_runner" name="test_build_commands_contains_modules" time="0.006" /><testcase classname="tests.test_ingest_runner_file_mode" name="test_build_commands_for_file_basic" time="0.003" /><testcase classname="tests.test_tag_normalizer" name="test_alias_mapping_ai" time="0.001" /><testcase classname="tests.test_tag_normalizer" name="test_deduplicate_and_order_preservation" time="0.001" /></testsuite></testsuites>